<?xml version="1.0" encoding="UTF-8"?>
<!-- Generated by org.testng.reporters.JUnitReportReporter -->
<testsuite hostname="TYSS-Shobha" failures="0" tests="1" name="organization.CreateOrganizationTest" time="23.182" errors="0" timestamp="2024-10-22T14:47:05 IST" skipped="0">
  <testcase classname="organization.CreateOrganizationTest" name="createOrganizationTest" time="23.182"/>
</testsuite> <!-- organization.CreateOrganizationTest -->
