<?xml version="1.0" encoding="UTF-8"?>
<!-- Generated by org.testng.reporters.JUnitReportReporter -->
<testsuite hostname="TYSS-Shobha" failures="0" tests="1" name="TestNgPratice.HardAssertEx2" time="6.515" errors="0" timestamp="2024-09-25T15:53:25 IST" skipped="0">
  <testcase classname="TestNgPratice.HardAssertEx2" name="login" time="6.515"/>
</testsuite> <!-- TestNgPratice.HardAssertEx2 -->
