<?xml version="1.0" encoding="UTF-8"?>
<!-- Generated by org.testng.reporters.JUnitReportReporter -->
<testsuite hostname="TYSS-Shobha" failures="0" tests="2" name="TestNgPratice.DataProviderEx1" time="0.009" errors="0" timestamp="2024-09-19T14:53:54 IST" skipped="0">
  <testcase classname="TestNgPratice.DataProviderEx1" name="bookTickets" time="0.007"/>
  <testcase classname="TestNgPratice.DataProviderEx1" name="bookTickets" time="0.002"/>
</testsuite> <!-- TestNgPratice.DataProviderEx1 -->
