<?xml version="1.0" encoding="UTF-8"?>
<!-- Generated by org.testng.reporters.JUnitReportReporter -->
<testsuite hostname="TYSS-Shobha" failures="0" tests="4" name="TestNgPratice.DataProviderEx3" time="87.915" errors="0" timestamp="2024-09-19T16:23:03 IST" skipped="0">
  <testcase classname="TestNgPratice.DataProviderEx3" name="organizationModuleTest" time="22.110"/>
  <testcase classname="TestNgPratice.DataProviderEx3" name="organizationModuleTest" time="23.109"/>
  <testcase classname="TestNgPratice.DataProviderEx3" name="organizationModuleTest" time="20.865"/>
  <testcase classname="TestNgPratice.DataProviderEx3" name="organizationModuleTest" time="21.831"/>
</testsuite> <!-- TestNgPratice.DataProviderEx3 -->
