<?xml version="1.0" encoding="UTF-8"?>
<!-- Generated by org.testng.reporters.JUnitReportReporter -->
<testsuite hostname="TYSS-Shobha" failures="0" tests="1" name="TestNgPratice.SoftAssertEx" time="0.023" errors="0" timestamp="2024-09-25T16:10:16 IST" skipped="0">
  <testcase classname="TestNgPratice.SoftAssertEx" name="m1" time="0.023"/>
</testsuite> <!-- TestNgPratice.SoftAssertEx -->
