<?xml version="1.0" encoding="UTF-8"?>
<!-- Generated by org.testng.reporters.JUnitReportReporter -->
<testsuite hostname="TYSS-Shobha" failures="0" tests="3" name="TestNgPratice.DataProviderEx2" time="57.294" errors="0" timestamp="2024-09-19T15:18:22 IST" skipped="0">
  <testcase classname="TestNgPratice.DataProviderEx2" name="organizationModuleTest" time="18.856"/>
  <testcase classname="TestNgPratice.DataProviderEx2" name="organizationModuleTest" time="19.444"/>
  <testcase classname="TestNgPratice.DataProviderEx2" name="organizationModuleTest" time="18.994"/>
</testsuite> <!-- TestNgPratice.DataProviderEx2 -->
