<?xml version="1.0" encoding="UTF-8"?>
<!-- Generated by org.testng.reporters.JUnitReportReporter -->
<testsuite hostname="TYSS-Shobha" failures="0" tests="4" name="TestNgPratice.SampleTest" time="0.013" errors="0" timestamp="2024-09-18T16:20:27 IST" skipped="0">
  <testcase classname="TestNgPratice.SampleTest" name="createContact" time="0.001"/>
  <testcase classname="TestNgPratice.SampleTest" name="createContact" time="0.008"/>
  <testcase classname="TestNgPratice.SampleTest" name="modifyContact" time="0.002"/>
  <testcase classname="TestNgPratice.SampleTest" name="deletedContact" time="0.002"/>
</testsuite> <!-- TestNgPratice.SampleTest -->
